<?xml version="1.0" encoding="UTF-8"?>
<!-- Generated by org.testng.reporters.JUnitXMLReporter -->
<testsuite ignored="0" hostname="DESKTOP-L84C1PQ" failures="0" tests="3" name="Default test" time="72.265" errors="0" timestamp="2020-11-27T16:34:35 IST">
  <testcase classname="tests.BaseClass" name="sampleTest" time="0.01"/>
  <testcase classname="tests.firstSearch" name="demoOrgHRM" time="31.728"/>
  <testcase classname="tests.firstSearch" name="searchAji" time="21.745"/>
</testsuite> <!-- Default test -->
