<?xml version="1.0" encoding="UTF-8"?>
<testng-results ignored="0" total="3" passed="3" failed="0" skipped="0">
  <reporter-output>
  </reporter-output>
  <suite started-at="2020-11-27T16:33:23 IST" name="Default suite" finished-at="2020-11-27T16:34:35 IST" duration-ms="72265">
    <groups>
    </groups>
    <test started-at="2020-11-27T16:33:23 IST" name="Default test" finished-at="2020-11-27T16:34:35 IST" duration-ms="72265">
      <class name="tests.firstSearch">
        <test-method is-config="true" signature="extRepSetup()[pri:0, instance:tests.firstSearch@3738449f]" started-at="2020-11-27T16:33:23 IST" name="extRepSetup" finished-at="2020-11-27T16:33:23 IST" duration-ms="382" status="PASS">
          <reporter-output>
          </reporter-output>
        </test-method> <!-- extRepSetup -->
        <test-method is-config="true" signature="setup()[pri:0, instance:tests.firstSearch@3738449f]" started-at="2020-11-27T16:33:23 IST" name="setup" finished-at="2020-11-27T16:33:41 IST" duration-ms="17990" status="PASS">
          <reporter-output>
          </reporter-output>
        </test-method> <!-- setup -->
        <test-method signature="sampleTest()[pri:0, instance:tests.firstSearch@3738449f]" started-at="2020-11-27T16:33:41 IST" name="sampleTest" finished-at="2020-11-27T16:33:41 IST" duration-ms="10" status="PASS">
          <reporter-output>
          </reporter-output>
        </test-method> <!-- sampleTest -->
        <test-method signature="demoOrgHRM()[pri:0, instance:tests.firstSearch@3738449f]" started-at="2020-11-27T16:33:41 IST" name="demoOrgHRM" finished-at="2020-11-27T16:34:13 IST" duration-ms="31728" status="PASS">
          <reporter-output>
          </reporter-output>
        </test-method> <!-- demoOrgHRM -->
        <test-method signature="searchAji()[pri:0, instance:tests.firstSearch@3738449f]" started-at="2020-11-27T16:34:13 IST" name="searchAji" finished-at="2020-11-27T16:34:35 IST" duration-ms="21745" status="PASS">
          <reporter-output>
          </reporter-output>
        </test-method> <!-- searchAji -->
        <test-method is-config="true" signature="teardown()[pri:0, instance:tests.firstSearch@3738449f]" started-at="2020-11-27T16:34:35 IST" name="teardown" finished-at="2020-11-27T16:34:35 IST" duration-ms="733" status="PASS">
          <reporter-output>
          </reporter-output>
        </test-method> <!-- teardown -->
        <test-method is-config="true" signature="extRepTearDown()[pri:0, instance:tests.firstSearch@3738449f]" started-at="2020-11-27T16:34:36 IST" name="extRepTearDown" finished-at="2020-11-27T16:34:36 IST" duration-ms="600" status="PASS">
          <reporter-output>
          </reporter-output>
        </test-method> <!-- extRepTearDown -->
      </class> <!-- tests.firstSearch -->
    </test> <!-- Default test -->
  </suite> <!-- Default suite -->
</testng-results>
